<?xml version="1.0" encoding="UTF-8"?>
<!-- Generated by org.testng.reporters.JUnitXMLReporter -->
<testsuite ignored="0" hostname="DESKTOP-P17Q8KM" failures="0" tests="27" name="AllTests" time="326.987" errors="0" timestamp="2025-04-27T14:52:31 EEST">
  <testcase classname="automation_test_modules.RegisterTest" name="navigateToSignUpPage" time="5.613"/>
  <testcase classname="automation_test_modules.InvalidLoginTest" name="navigateToLoginPage" time="5.766"/>
  <testcase classname="automation_test_modules.InvalidRegisterTest" name="navigateToLoginPage" time="5.645"/>
  <testcase classname="automation_test_modules.LoginTest" name="navigateToLoginPage" time="5.821"/>
  <testcase classname="automation_test_modules.InvalidRegisterTest" name="enterRegisterValues" time="0.501"/>
  <testcase classname="automation_test_modules.LoginTest" name="enterLoginValues" time="3.271"/>
  <testcase classname="automation_test_modules.InvalidLoginTest" name="enterInvalidCredential" time="3.283"/>
  <testcase classname="automation_test_modules.InvalidLoginTest" name="clickLoginButton" time="0.269"/>
  <testcase classname="automation_test_modules.InvalidLoginTest" name="checkMessage" time="17.957"/>
  <testcase classname="automation_test_modules.RegisterTest" name="enterAccountInformation" time="52.224"/>
  <testcase classname="automation_test_modules.RegisterTest" name="selectCheckboxes" time="0.079"/>
  <testcase classname="automation_test_modules.ContactUsTest" name="navigateTOContactSection" time="84.941"/>
  <testcase classname="automation_test_modules.RegisterTest" name="enterAddressInformation" time="2.791"/>
  <testcase classname="automation_test_modules.InvalidRegisterTest" name="clickRegisterButton" time="57.902"/>
  <testcase classname="automation_test_modules.InvalidRegisterTest" name="checkRegisterMessage" time="13.484"/>
  <testcase classname="automation_test_modules.LoginTest" name="clickLoginButton" time="74.177"/>
  <testcase classname="automation_test_modules.LoginTest" name="accountLoggedMessage" time="0.842"/>
  <testcase classname="automation_test_modules.ContactUsTest" name="enterPersonalInfo" time="29.465"/>
  <testcase classname="automation_test_modules.RegisterTest" name="clickCreateAccountButton" time="26.782"/>
  <testcase classname="automation_test_modules.ContactUsTest" name="uploadFile" time="0.25"/>
  <testcase classname="automation_test_modules.LoginTest" name="clickLogout" time="5.259"/>
  <testcase classname="automation_test_modules.ContactUsTest" name="clickSubmitButton" time="2.765"/>
  <testcase classname="automation_test_modules.ContactUsTest" name="acceptAlert" time="0.48"/>
  <testcase classname="automation_test_modules.ContactUsTest" name="successMessage" time="0.089"/>
  <testcase classname="automation_test_modules.ContactUsTest" name="backToHomePage" time="34.28"/>
  <testcase classname="automation_test_modules.RegisterTest" name="accountCreatedPage" time="42.714"/>
  <testcase classname="automation_test_modules.RegisterTest" name="backToAccountPage" time="43.613"/>
</testsuite> <!-- AllTests -->
