<?xml version="1.0" encoding="UTF-8"?>
<!-- Generated by org.testng.reporters.JUnitXMLReporter -->
<testsuite ignored="0" hostname="DESKTOP-P17Q8KM" failures="0" tests="28" name="AllTests" time="333.471" errors="0" timestamp="2025-04-27T03:26:11 EEST">
  <testcase classname="automation_test_modules.RegisterTest" name="navigateToSignUpPage" time="7.697"/>
  <testcase classname="automation_test_modules.InvalidLoginTest" name="navigateToLoginPage" time="8.834"/>
  <testcase classname="automation_test_modules.InvalidRegisterTest" name="navigateToLoginPage" time="8.064"/>
  <testcase classname="automation_test_modules.LoginTest" name="navigateToLoginPage" time="7.72"/>
  <testcase classname="automation_test_modules.InvalidRegisterTest" name="enterRegisterValues" time="0.532"/>
  <testcase classname="automation_test_modules.InvalidLoginTest" name="enterInvalidCredential" time="0.761"/>
  <testcase classname="automation_test_modules.InvalidRegisterTest" name="clickRegisterButton" time="0.203"/>
  <testcase classname="automation_test_modules.LoginTest" name="enterLoginValues" time="0.761"/>
  <testcase classname="automation_test_modules.LoginTest" name="clickLoginButton" time="0.281"/>
  <testcase classname="automation_test_modules.RegisterTest" name="enterAccountInformation" time="6.191"/>
  <testcase classname="automation_test_modules.RegisterTest" name="selectCheckboxes" time="0.347"/>
  <testcase classname="automation_test_modules.RegisterTest" name="enterAddressInformation" time="1.68"/>
  <testcase classname="automation_test_modules.InvalidLoginTest" name="clickLoginButton" time="9.996"/>
  <testcase classname="automation_test_modules.InvalidRegisterTest" name="checkRegisterMessage" time="11.765"/>
  <testcase classname="automation_test_modules.InvalidLoginTest" name="checkMessage" time="2.278"/>
  <testcase classname="automation_test_modules.RegisterTest" name="clickCreateAccountButton" time="10.571"/>
  <testcase classname="automation_test_modules.RegisterTest" name="implicitWait" time="0.168"/>
  <testcase classname="automation_test_modules.LoginTest" name="accountLoggedMessage" time="31.091"/>
  <testcase classname="automation_test_modules.ContactUsTest" name="navigateTOContactSection" time="19.639"/>
  <testcase classname="automation_test_modules.LoginTest" name="clickLogout" time="5.374"/>
  <testcase classname="automation_test_modules.ContactUsTest" name="enterPersonalInfo" time="10.116"/>
  <testcase classname="automation_test_modules.ContactUsTest" name="uploadFile" time="0.465"/>
  <testcase classname="automation_test_modules.ContactUsTest" name="clickSubmitButton" time="1.756"/>
  <testcase classname="automation_test_modules.ContactUsTest" name="acceptAlert" time="0.501"/>
  <testcase classname="automation_test_modules.ContactUsTest" name="successMessage" time="0.068"/>
  <testcase classname="automation_test_modules.RegisterTest" name="accountCreatedPage" time="44.68"/>
  <testcase classname="automation_test_modules.RegisterTest" name="backToAccountPage" time="27.446"/>
  <testcase classname="automation_test_modules.ContactUsTest" name="backToHomePage" time="41.368"/>
</testsuite> <!-- AllTests -->
