<?xml version="1.0" encoding="UTF-8"?>
<testng-results ignored="0" total="27" passed="27" failed="0" skipped="0">
  <reporter-output>
  </reporter-output>
  <suite started-at="2025-04-27T14:47:04 EEST" name="Parallel_Testing" finished-at="2025-04-27T14:52:31 EEST" duration-ms="326987">
    <groups>
    </groups>
    <test started-at="2025-04-27T14:47:04 EEST" name="AllTests" finished-at="2025-04-27T14:52:31 EEST" duration-ms="326987">
      <class name="automation_test_modules.InvalidLoginTest">
        <test-method is-config="true" signature="homePage()[pri:0, instance:automation_test_modules.InvalidLoginTest@58cbafc2]" started-at="2025-04-27T14:47:19 EEST" name="homePage" finished-at="2025-04-27T14:47:30 EEST" duration-ms="11705" status="PASS">
          <reporter-output>
          </reporter-output>
        </test-method> <!-- homePage -->
        <test-method signature="navigateToLoginPage()[pri:1, instance:automation_test_modules.InvalidLoginTest@58cbafc2]" started-at="2025-04-27T14:48:28 EEST" name="navigateToLoginPage" finished-at="2025-04-27T14:48:34 EEST" duration-ms="5766" status="PASS">
          <reporter-output>
          </reporter-output>
        </test-method> <!-- navigateToLoginPage -->
        <test-method signature="enterInvalidCredential()[pri:2, instance:automation_test_modules.InvalidLoginTest@58cbafc2]" started-at="2025-04-27T14:49:00 EEST" name="enterInvalidCredential" finished-at="2025-04-27T14:49:04 EEST" duration-ms="3283" status="PASS">
          <reporter-output>
          </reporter-output>
        </test-method> <!-- enterInvalidCredential -->
        <test-method signature="clickLoginButton()[pri:3, instance:automation_test_modules.InvalidLoginTest@58cbafc2]" started-at="2025-04-27T14:49:04 EEST" name="clickLoginButton" finished-at="2025-04-27T14:49:04 EEST" duration-ms="269" status="PASS">
          <reporter-output>
          </reporter-output>
        </test-method> <!-- clickLoginButton -->
        <test-method signature="checkMessage()[pri:4, instance:automation_test_modules.InvalidLoginTest@58cbafc2]" started-at="2025-04-27T14:49:04 EEST" name="checkMessage" finished-at="2025-04-27T14:49:22 EEST" duration-ms="17957" status="PASS">
          <reporter-output>
          </reporter-output>
        </test-method> <!-- checkMessage -->
        <test-method is-config="true" signature="tearDown()[pri:0, instance:automation_test_modules.InvalidLoginTest@58cbafc2]" started-at="2025-04-27T14:52:19 EEST" name="tearDown" finished-at="2025-04-27T14:52:24 EEST" duration-ms="4829" status="PASS">
          <reporter-output>
          </reporter-output>
        </test-method> <!-- tearDown -->
      </class> <!-- automation_test_modules.InvalidLoginTest -->
      <class name="automation_test_modules.InvalidRegisterTest">
        <test-method is-config="true" signature="openWebsite()[pri:0, instance:automation_test_modules.InvalidRegisterTest@1ca3b418]" started-at="2025-04-27T14:47:30 EEST" name="openWebsite" finished-at="2025-04-27T14:47:42 EEST" duration-ms="11325" status="PASS">
          <reporter-output>
          </reporter-output>
        </test-method> <!-- openWebsite -->
        <test-method signature="navigateToLoginPage()[pri:1, instance:automation_test_modules.InvalidRegisterTest@1ca3b418]" started-at="2025-04-27T14:48:28 EEST" name="navigateToLoginPage" finished-at="2025-04-27T14:48:34 EEST" duration-ms="5645" status="PASS">
          <reporter-output>
          </reporter-output>
        </test-method> <!-- navigateToLoginPage -->
        <test-method signature="enterRegisterValues()[pri:2, instance:automation_test_modules.InvalidRegisterTest@1ca3b418]" started-at="2025-04-27T14:49:00 EEST" name="enterRegisterValues" finished-at="2025-04-27T14:49:01 EEST" duration-ms="501" status="PASS">
          <reporter-output>
          </reporter-output>
        </test-method> <!-- enterRegisterValues -->
        <test-method signature="clickRegisterButton()[pri:3, instance:automation_test_modules.InvalidRegisterTest@1ca3b418]" started-at="2025-04-27T14:49:01 EEST" name="clickRegisterButton" finished-at="2025-04-27T14:49:59 EEST" duration-ms="57902" status="PASS">
          <reporter-output>
          </reporter-output>
        </test-method> <!-- clickRegisterButton -->
        <test-method signature="checkRegisterMessage()[pri:4, instance:automation_test_modules.InvalidRegisterTest@1ca3b418]" started-at="2025-04-27T14:49:59 EEST" name="checkRegisterMessage" finished-at="2025-04-27T14:50:13 EEST" duration-ms="13484" status="PASS">
          <reporter-output>
          </reporter-output>
        </test-method> <!-- checkRegisterMessage -->
        <test-method is-config="true" signature="tearDown()[pri:0, instance:automation_test_modules.InvalidRegisterTest@1ca3b418]" started-at="2025-04-27T14:52:24 EEST" name="tearDown" finished-at="2025-04-27T14:52:28 EEST" duration-ms="4138" status="PASS">
          <reporter-output>
          </reporter-output>
        </test-method> <!-- tearDown -->
      </class> <!-- automation_test_modules.InvalidRegisterTest -->
      <class name="automation_test_modules.RegisterTest">
        <test-method is-config="true" signature="openWebsite()[pri:0, instance:automation_test_modules.RegisterTest@54422e18]" started-at="2025-04-27T14:48:11 EEST" name="openWebsite" finished-at="2025-04-27T14:48:28 EEST" duration-ms="17123" status="PASS">
          <reporter-output>
          </reporter-output>
        </test-method> <!-- openWebsite -->
        <test-method signature="navigateToSignUpPage()[pri:1, instance:automation_test_modules.RegisterTest@54422e18]" started-at="2025-04-27T14:48:28 EEST" name="navigateToSignUpPage" finished-at="2025-04-27T14:48:34 EEST" duration-ms="5613" status="PASS">
          <reporter-output>
          </reporter-output>
        </test-method> <!-- navigateToSignUpPage -->
        <test-method signature="enterAccountInformation()[pri:2, instance:automation_test_modules.RegisterTest@54422e18]" started-at="2025-04-27T14:49:00 EEST" name="enterAccountInformation" finished-at="2025-04-27T14:49:53 EEST" duration-ms="52224" status="PASS">
          <reporter-output>
          </reporter-output>
        </test-method> <!-- enterAccountInformation -->
        <test-method signature="selectCheckboxes()[pri:3, instance:automation_test_modules.RegisterTest@54422e18]" started-at="2025-04-27T14:49:53 EEST" name="selectCheckboxes" finished-at="2025-04-27T14:49:53 EEST" duration-ms="79" status="PASS">
          <reporter-output>
          </reporter-output>
        </test-method> <!-- selectCheckboxes -->
        <test-method signature="enterAddressInformation()[pri:4, instance:automation_test_modules.RegisterTest@54422e18]" started-at="2025-04-27T14:49:53 EEST" name="enterAddressInformation" finished-at="2025-04-27T14:49:56 EEST" duration-ms="2791" status="PASS">
          <reporter-output>
          </reporter-output>
        </test-method> <!-- enterAddressInformation -->
        <test-method signature="clickCreateAccountButton()[pri:5, instance:automation_test_modules.RegisterTest@54422e18]" started-at="2025-04-27T14:49:56 EEST" name="clickCreateAccountButton" finished-at="2025-04-27T14:50:23 EEST" duration-ms="26782" status="PASS">
          <reporter-output>
          </reporter-output>
        </test-method> <!-- clickCreateAccountButton -->
        <test-method signature="accountCreatedPage()[pri:7, instance:automation_test_modules.RegisterTest@54422e18]" started-at="2025-04-27T14:50:23 EEST" name="accountCreatedPage" finished-at="2025-04-27T14:51:06 EEST" duration-ms="42714" status="PASS">
          <reporter-output>
          </reporter-output>
        </test-method> <!-- accountCreatedPage -->
        <test-method signature="backToAccountPage()[pri:7, instance:automation_test_modules.RegisterTest@54422e18]" started-at="2025-04-27T14:51:07 EEST" name="backToAccountPage" finished-at="2025-04-27T14:51:50 EEST" duration-ms="43613" status="PASS">
          <reporter-output>
          </reporter-output>
        </test-method> <!-- backToAccountPage -->
        <test-method is-config="true" signature="tearDown()[pri:0, instance:automation_test_modules.RegisterTest@54422e18]" started-at="2025-04-27T14:52:30 EEST" name="tearDown" finished-at="2025-04-27T14:52:31 EEST" duration-ms="876" status="PASS">
          <reporter-output>
          </reporter-output>
        </test-method> <!-- tearDown -->
      </class> <!-- automation_test_modules.RegisterTest -->
      <class name="automation_test_modules.LoginTest">
        <test-method is-config="true" signature="openWebsite()[pri:0, instance:automation_test_modules.LoginTest@235ecd9f]" started-at="2025-04-27T14:47:42 EEST" name="openWebsite" finished-at="2025-04-27T14:48:11 EEST" duration-ms="29090" status="PASS">
          <reporter-output>
          </reporter-output>
        </test-method> <!-- openWebsite -->
        <test-method signature="navigateToLoginPage()[pri:1, instance:automation_test_modules.LoginTest@235ecd9f]" started-at="2025-04-27T14:48:28 EEST" name="navigateToLoginPage" finished-at="2025-04-27T14:48:34 EEST" duration-ms="5821" status="PASS">
          <reporter-output>
          </reporter-output>
        </test-method> <!-- navigateToLoginPage -->
        <test-method signature="enterLoginValues()[pri:2, instance:automation_test_modules.LoginTest@235ecd9f]" started-at="2025-04-27T14:49:00 EEST" name="enterLoginValues" finished-at="2025-04-27T14:49:04 EEST" duration-ms="3271" status="PASS">
          <reporter-output>
          </reporter-output>
        </test-method> <!-- enterLoginValues -->
        <test-method signature="clickLoginButton()[pri:3, instance:automation_test_modules.LoginTest@235ecd9f]" started-at="2025-04-27T14:49:04 EEST" name="clickLoginButton" finished-at="2025-04-27T14:50:18 EEST" duration-ms="74177" status="PASS">
          <reporter-output>
          </reporter-output>
        </test-method> <!-- clickLoginButton -->
        <test-method signature="accountLoggedMessage()[pri:5, instance:automation_test_modules.LoginTest@235ecd9f]" started-at="2025-04-27T14:50:18 EEST" name="accountLoggedMessage" finished-at="2025-04-27T14:50:19 EEST" duration-ms="842" status="PASS">
          <reporter-output>
          </reporter-output>
        </test-method> <!-- accountLoggedMessage -->
        <test-method signature="clickLogout()[pri:6, instance:automation_test_modules.LoginTest@235ecd9f]" started-at="2025-04-27T14:50:19 EEST" name="clickLogout" finished-at="2025-04-27T14:50:24 EEST" duration-ms="5259" status="PASS">
          <reporter-output>
          </reporter-output>
        </test-method> <!-- clickLogout -->
        <test-method is-config="true" signature="tearDown()[pri:0, instance:automation_test_modules.LoginTest@235ecd9f]" started-at="2025-04-27T14:52:28 EEST" name="tearDown" finished-at="2025-04-27T14:52:30 EEST" duration-ms="2147" status="PASS">
          <reporter-output>
          </reporter-output>
        </test-method> <!-- tearDown -->
      </class> <!-- automation_test_modules.LoginTest -->
      <class name="automation_test_modules.ContactUsTest">
        <test-method is-config="true" signature="homePage()[pri:0, instance:automation_test_modules.ContactUsTest@2034b64c]" started-at="2025-04-27T14:47:04 EEST" name="homePage" finished-at="2025-04-27T14:47:19 EEST" duration-ms="14826" status="PASS">
          <reporter-output>
          </reporter-output>
        </test-method> <!-- homePage -->
        <test-method signature="navigateTOContactSection()[pri:1, instance:automation_test_modules.ContactUsTest@2034b64c]" started-at="2025-04-27T14:48:28 EEST" name="navigateTOContactSection" finished-at="2025-04-27T14:49:53 EEST" duration-ms="84941" status="PASS">
          <reporter-output>
          </reporter-output>
        </test-method> <!-- navigateTOContactSection -->
        <test-method signature="enterPersonalInfo()[pri:2, instance:automation_test_modules.ContactUsTest@2034b64c]" started-at="2025-04-27T14:49:53 EEST" name="enterPersonalInfo" finished-at="2025-04-27T14:50:23 EEST" duration-ms="29465" status="PASS">
          <reporter-output>
          </reporter-output>
        </test-method> <!-- enterPersonalInfo -->
        <test-method signature="uploadFile()[pri:3, instance:automation_test_modules.ContactUsTest@2034b64c]" started-at="2025-04-27T14:50:23 EEST" name="uploadFile" finished-at="2025-04-27T14:50:23 EEST" duration-ms="250" status="PASS">
          <reporter-output>
          </reporter-output>
        </test-method> <!-- uploadFile -->
        <test-method signature="clickSubmitButton()[pri:4, instance:automation_test_modules.ContactUsTest@2034b64c]" started-at="2025-04-27T14:50:23 EEST" name="clickSubmitButton" finished-at="2025-04-27T14:50:26 EEST" duration-ms="2765" status="PASS">
          <reporter-output>
          </reporter-output>
        </test-method> <!-- clickSubmitButton -->
        <test-method signature="acceptAlert()[pri:5, instance:automation_test_modules.ContactUsTest@2034b64c]" started-at="2025-04-27T14:50:27 EEST" name="acceptAlert" finished-at="2025-04-27T14:50:27 EEST" duration-ms="480" status="PASS">
          <reporter-output>
          </reporter-output>
        </test-method> <!-- acceptAlert -->
        <test-method signature="successMessage()[pri:6, instance:automation_test_modules.ContactUsTest@2034b64c]" started-at="2025-04-27T14:50:27 EEST" name="successMessage" finished-at="2025-04-27T14:50:27 EEST" duration-ms="89" status="PASS">
          <reporter-output>
          </reporter-output>
        </test-method> <!-- successMessage -->
        <test-method signature="backToHomePage()[pri:7, instance:automation_test_modules.ContactUsTest@2034b64c]" started-at="2025-04-27T14:50:27 EEST" name="backToHomePage" finished-at="2025-04-27T14:51:01 EEST" duration-ms="34280" status="PASS">
          <reporter-output>
          </reporter-output>
        </test-method> <!-- backToHomePage -->
        <test-method is-config="true" signature="tearDown()[pri:0, instance:automation_test_modules.ContactUsTest@2034b64c]" started-at="2025-04-27T14:51:50 EEST" name="tearDown" finished-at="2025-04-27T14:52:19 EEST" duration-ms="28381" status="PASS">
          <reporter-output>
          </reporter-output>
        </test-method> <!-- tearDown -->
      </class> <!-- automation_test_modules.ContactUsTest -->
    </test> <!-- AllTests -->
  </suite> <!-- Parallel_Testing -->
</testng-results>
